0 info it worked if it ends with ok
1 verbose cli [ '/usr/local/bin/node',
1 verbose cli   '/usr/local/bin/npm',
1 verbose cli   'run',
1 verbose cli   'build:prod' ]
2 info using npm@3.10.10
3 info using node@v6.10.2
4 verbose run-script [ 'prebuild:prod', 'build:prod', 'postbuild:prod' ]
5 info lifecycle custon@1.0.0~prebuild:prod: custon@1.0.0
6 silly lifecycle custon@1.0.0~prebuild:prod: no script for prebuild:prod, continuing
7 info lifecycle custon@1.0.0~build:prod: custon@1.0.0
8 verbose lifecycle custon@1.0.0~build:prod: unsafe-perm in lifecycle true
9 verbose lifecycle custon@1.0.0~build:prod: PATH: /usr/local/lib/node_modules/npm/bin/node-gyp-bin:/Users/bouellette/git/MixpoLuchLearn/Angular4/Custom/node_modules/.bin:/usr/local/bin:/usr/bin:/bin:/usr/sbin:/sbin:/usr/local/sbin
10 verbose lifecycle custon@1.0.0~build:prod: CWD: /Users/bouellette/git/MixpoLuchLearn/Angular4/Custom
11 silly lifecycle custon@1.0.0~build:prod: Args: [ '-c',
11 silly lifecycle   'del-cli dist && ngc -p tsconfig.aot.json &&  ngc -p tsconfig.aot.js &&  webpack --config webpack.config.prod.js --progress --profile --bail && del-cli \'src/app/**/*.js\' \'src/app/**/*.ngfactory.ts\' \'src/app/**/*.js.map\' \'src/app/**/*.shim.ts\' \'src/app/**/*.ngsummary.json\'' ]
12 silly lifecycle custon@1.0.0~build:prod: Returned: code: 1  signal: null
13 info lifecycle custon@1.0.0~build:prod: Failed to exec build:prod script
14 verbose stack Error: custon@1.0.0 build:prod: `del-cli dist && ngc -p tsconfig.aot.json &&  ngc -p tsconfig.aot.js &&  webpack --config webpack.config.prod.js --progress --profile --bail && del-cli 'src/app/**/*.js' 'src/app/**/*.ngfactory.ts' 'src/app/**/*.js.map' 'src/app/**/*.shim.ts' 'src/app/**/*.ngsummary.json'`
14 verbose stack Exit status 1
14 verbose stack     at EventEmitter.<anonymous> (/usr/local/lib/node_modules/npm/lib/utils/lifecycle.js:255:16)
14 verbose stack     at emitTwo (events.js:106:13)
14 verbose stack     at EventEmitter.emit (events.js:191:7)
14 verbose stack     at ChildProcess.<anonymous> (/usr/local/lib/node_modules/npm/lib/utils/spawn.js:40:14)
14 verbose stack     at emitTwo (events.js:106:13)
14 verbose stack     at ChildProcess.emit (events.js:191:7)
14 verbose stack     at maybeClose (internal/child_process.js:886:16)
14 verbose stack     at Process.ChildProcess._handle.onexit (internal/child_process.js:226:5)
15 verbose pkgid custon@1.0.0
16 verbose cwd /Users/bouellette/git/MixpoLuchLearn/Angular4/Custom
17 error Darwin 16.4.0
18 error argv "/usr/local/bin/node" "/usr/local/bin/npm" "run" "build:prod"
19 error node v6.10.2
20 error npm  v3.10.10
21 error code ELIFECYCLE
22 error custon@1.0.0 build:prod: `del-cli dist && ngc -p tsconfig.aot.json &&  ngc -p tsconfig.aot.js &&  webpack --config webpack.config.prod.js --progress --profile --bail && del-cli 'src/app/**/*.js' 'src/app/**/*.ngfactory.ts' 'src/app/**/*.js.map' 'src/app/**/*.shim.ts' 'src/app/**/*.ngsummary.json'`
22 error Exit status 1
23 error Failed at the custon@1.0.0 build:prod script 'del-cli dist && ngc -p tsconfig.aot.json &&  ngc -p tsconfig.aot.js &&  webpack --config webpack.config.prod.js --progress --profile --bail && del-cli 'src/app/**/*.js' 'src/app/**/*.ngfactory.ts' 'src/app/**/*.js.map' 'src/app/**/*.shim.ts' 'src/app/**/*.ngsummary.json''.
23 error Make sure you have the latest version of node.js and npm installed.
23 error If you do, this is most likely a problem with the custon package,
23 error not with npm itself.
23 error Tell the author that this fails on your system:
23 error     del-cli dist && ngc -p tsconfig.aot.json &&  ngc -p tsconfig.aot.js &&  webpack --config webpack.config.prod.js --progress --profile --bail && del-cli 'src/app/**/*.js' 'src/app/**/*.ngfactory.ts' 'src/app/**/*.js.map' 'src/app/**/*.shim.ts' 'src/app/**/*.ngsummary.json'
23 error You can get information on how to open an issue for this project with:
23 error     npm bugs custon
23 error Or if that isn't available, you can get their info via:
23 error     npm owner ls custon
23 error There is likely additional logging output above.
24 verbose exit [ 1, true ]
